<?xml version="1.0" encoding="utf-8"?><testsuites name="pytest tests"><testsuite name="pytest" errors="0" failures="0" skipped="0" tests="14" time="4.267" timestamp="2026-03-24T09:28:21.337494+00:00" hostname="agent-env-3c9af3b2-5e04-43fe-bbdb-d2b16bc1aa72"><testcase classname="backend.tests.test_prazo_pix_features.TestPrazoNotInTotals" name="test_prazo_order_not_in_cash_today_total" time="0.575" /><testcase classname="backend.tests.test_prazo_pix_features.TestPrazoNotInTotals" name="test_pix_order_is_in_cash_today_total" time="0.975" /><testcase classname="backend.tests.test_prazo_pix_features.TestPixManualAdjustments" name="test_add_pix_adjustment" time="0.189" /><testcase classname="backend.tests.test_prazo_pix_features.TestPixManualAdjustments" name="test_pix_adjustment_in_cash_today" time="0.393" /><testcase classname="backend.tests.test_prazo_pix_features.TestPixManualAdjustments" name="test_get_pix_adjustments_by_store" time="0.092" /><testcase classname="backend.tests.test_prazo_pix_features.TestPixManualAdjustments" name="test_remove_pix_adjustment" time="0.214" /><testcase classname="backend.tests.test_prazo_pix_features.TestPrazoCustomersByStore" name="test_create_prazo_customer_with_store" time="0.274" /><testcase classname="backend.tests.test_prazo_pix_features.TestPrazoCustomersByStore" name="test_get_prazo_customers_filtered_by_store" time="0.489" /><testcase classname="backend.tests.test_prazo_pix_features.TestPrazoCustomersByStore" name="test_get_all_prazo_customers" time="0.098" /><testcase classname="backend.tests.test_prazo_pix_features.TestAddCreditToPrazoCustomer" name="test_add_credit_to_customer" time="0.302" /><testcase classname="backend.tests.test_prazo_pix_features.TestAddCreditToPrazoCustomer" name="test_add_credit_cumulative" time="0.294" /><testcase classname="backend.tests.test_prazo_pix_features.TestAddCreditToPrazoCustomer" name="test_add_credit_nonexistent_customer" time="0.093" /><testcase classname="backend.tests.test_prazo_pix_features.TestPrazoDebtsFilteredByStore" name="test_get_prazo_debts_by_store" time="0.100" /><testcase classname="backend.tests.test_prazo_pix_features.TestPrazoDebtsFilteredByStore" name="test_get_all_prazo_debts" time="0.100" /></testsuite></testsuites>