<?xml version="1.0" encoding="utf-8"?><testsuites name="pytest tests"><testsuite name="pytest" errors="0" failures="2" skipped="0" tests="12" time="3.166" timestamp="2026-03-23T03:42:56.772911+00:00" hostname="agent-env-d64a0334-f211-4288-b5c0-4fb5c4791d00"><testcase classname="backend.tests.test_new_features_v10.TestPrazoStoresSeparation" name="test_prazo_debts_runner_only" time="0.170" /><testcase classname="backend.tests.test_new_features_v10.TestPrazoStoresSeparation" name="test_prazo_debts_gym_londres_only" time="0.164" /><testcase classname="backend.tests.test_new_features_v10.TestPrazoStoresSeparation" name="test_prazo_debts_all_stores" time="0.109" /><testcase classname="backend.tests.test_new_features_v10.TestContadorEmailEndpoint" name="test_send_contador_email_endpoint_exists" time="0.109" /><testcase classname="backend.tests.test_new_features_v10.TestContadorEmailEndpoint" name="test_send_contador_email_requires_auth" time="0.128" /><testcase classname="backend.tests.test_new_features_v10.TestExpenseAnalyzeImage" name="test_analyze_image_endpoint_exists" time="0.098"><failure message="AssertionError: Unexpected status: 405&#10;assert 405 in [200, 422, 500]&#10; +  where 405 = &lt;Response [405]&gt;.status_code">backend/tests/test_new_features_v10.py:139: in test_analyze_image_endpoint_exists
    assert response.status_code in [200, 422, 500], f"Unexpected status: {response.status_code}"
E   AssertionError: Unexpected status: 405
E   assert 405 in [200, 422, 500]
E    +  where 405 = &lt;Response [405]&gt;.status_code</failure></testcase><testcase classname="backend.tests.test_new_features_v10.TestExpenseAnalyzeImage" name="test_analyze_multiple_images_returns_store_field" time="1.219" /><testcase classname="backend.tests.test_new_features_v10.TestMenuFiscalFields" name="test_menu_post_accepts_fiscal_fields" time="0.300" /><testcase classname="backend.tests.test_new_features_v10.TestMenuFiscalFields" name="test_menu_item_model_has_fiscal_fields" time="0.123" /><testcase classname="backend.tests.test_new_features_v10.TestKitchenPrazoStoreData" name="test_kitchen_stats_endpoint" time="0.209" /><testcase classname="backend.tests.test_new_features_v10.TestKitchenPrazoStoreData" name="test_prazo_debts_with_store_param" time="0.323" /><testcase classname="backend.tests.test_new_features_v10.TestExportContadorReport" name="test_export_contador_endpoint_exists" time="0.110"><failure message="AssertionError: Response should contain 'resumo'&#10;assert 'resumo' in {'cadastro_produtos_fiscal': [{'categoria': 'Bebidas', 'cest': '', 'cfop': '5102', 'codigo': '', ...}, {'categoria': 'Doces', 'cest': '', 'cfop': '5102', 'codigo': '', ...}, {'categoria': 'Doces', 'cest': '', 'cfop': '5102', 'codigo': '', ...}, {'categoria': 'Doces', 'cest': '', 'cfop': '5102', 'codigo': '', ...}, {'categoria': 'Doces', 'cest': '', 'cfop': '5102', 'codigo': '', ...}, {'categoria': 'Bebidas Geladas', 'cest': '', 'cfop': '5102', 'codigo': '', ...}, ...], 'despesas_por_categoria': {}, 'empresa': {'cnpj': '', 'endereco': 'Mogi das Cruzes, SP', 'nome': 'GANOH Café Bistrô'}, 'gerado_em': '23/03/2026 00:42:59', ...}">backend/tests/test_new_features_v10.py:274: in test_export_contador_endpoint_exists
    assert "resumo" in data, "Response should contain 'resumo'"
E   AssertionError: Response should contain 'resumo'
E   assert 'resumo' in {'cadastro_produtos_fiscal': [{'categoria': 'Bebidas', 'cest': '', 'cfop': '5102', 'codigo': '', ...}, {'categoria': 'Doces', 'cest': '', 'cfop': '5102', 'codigo': '', ...}, {'categoria': 'Doces', 'cest': '', 'cfop': '5102', 'codigo': '', ...}, {'categoria': 'Doces', 'cest': '', 'cfop': '5102', 'codigo': '', ...}, {'categoria': 'Doces', 'cest': '', 'cfop': '5102', 'codigo': '', ...}, {'categoria': 'Bebidas Geladas', 'cest': '', 'cfop': '5102', 'codigo': '', ...}, ...], 'despesas_por_categoria': {}, 'empresa': {'cnpj': '', 'endereco': 'Mogi das Cruzes, SP', 'nome': 'GANOH Café Bistrô'}, 'gerado_em': '23/03/2026 00:42:59', ...}</failure></testcase></testsuite></testsuites>