<?xml version="1.0" encoding="utf-8"?><testsuites name="pytest tests"><testsuite name="pytest" errors="0" failures="0" skipped="0" tests="19" time="2.830" timestamp="2026-03-11T03:07:44.534999+00:00" hostname="agent-env-ad4eece1-2b8e-4ac6-9b45-e2bdbb3d955d"><testcase classname="backend.tests.test_ganoh_api.TestHealthAndBasicEndpoints" name="test_api_root" time="0.209" /><testcase classname="backend.tests.test_ganoh_api.TestHealthAndBasicEndpoints" name="test_get_stores" time="0.128" /><testcase classname="backend.tests.test_ganoh_api.TestMenuEndpoints" name="test_get_menu_runner" time="0.172" /><testcase classname="backend.tests.test_ganoh_api.TestMenuEndpoints" name="test_get_menu_gym_londres" time="0.162" /><testcase classname="backend.tests.test_ganoh_api.TestMenuEndpoints" name="test_get_categories" time="0.122" /><testcase classname="backend.tests.test_ganoh_api.TestCashRegisterWithShifts" name="test_cash_today_runner_has_shifts" time="0.104" /><testcase classname="backend.tests.test_ganoh_api.TestCashRegisterWithShifts" name="test_cash_today_gym_londres_has_shifts" time="0.113" /><testcase classname="backend.tests.test_ganoh_api.TestCashRegisterWithShifts" name="test_shifts_payment_breakdown" time="0.163" /><testcase classname="backend.tests.test_ganoh_api.TestKitchenEndpoints" name="test_kitchen_stats_runner" time="0.113" /><testcase classname="backend.tests.test_ganoh_api.TestKitchenEndpoints" name="test_get_orders_runner" time="0.152" /><testcase classname="backend.tests.test_ganoh_api.TestStockEndpoints" name="test_get_stock_runner" time="0.120" /><testcase classname="backend.tests.test_ganoh_api.TestStockEndpoints" name="test_initialize_stock" time="0.132" /><testcase classname="backend.tests.test_ganoh_api.TestGestorAuthentication" name="test_gestor_login_success" time="0.113" /><testcase classname="backend.tests.test_ganoh_api.TestGestorAuthentication" name="test_gestor_login_failure" time="0.160" /><testcase classname="backend.tests.test_ganoh_api.TestGestorDashboard" name="test_dashboard_has_top_products" time="0.116" /><testcase classname="backend.tests.test_ganoh_api.TestGestorDashboard" name="test_dashboard_has_low_products" time="0.121" /><testcase classname="backend.tests.test_ganoh_api.TestGestorDashboard" name="test_dashboard_combined_totals" time="0.139" /><testcase classname="backend.tests.test_ganoh_api.TestOrderCreation" name="test_create_order_with_payment_method" time="0.121" /><testcase classname="backend.tests.test_ganoh_api.TestOrderCreation" name="test_create_order_with_pickup_time" time="0.164" /></testsuite></testsuites>