<?xml version="1.0" encoding="utf-8"?><testsuites name="pytest tests"><testsuite name="pytest" errors="0" failures="0" skipped="0" tests="15" time="5.834" timestamp="2026-03-23T13:52:00.047577+00:00" hostname="agent-env-d64a0334-f211-4288-b5c0-4fb5c4791d00"><testcase classname="backend.tests.test_new_features_v3.TestDeletePrazoDebt" name="test_delete_prazo_debt_with_correct_password" time="0.700" /><testcase classname="backend.tests.test_new_features_v3.TestDeletePrazoDebt" name="test_delete_prazo_debt_with_wrong_password" time="0.335" /><testcase classname="backend.tests.test_new_features_v3.TestDeletePrazoDebt" name="test_delete_prazo_debt_without_password" time="0.344" /><testcase classname="backend.tests.test_new_features_v3.TestSetCashBalance" name="test_set_cash_balance_runner" time="0.321" /><testcase classname="backend.tests.test_new_features_v3.TestSetCashBalance" name="test_set_cash_balance_gym_londres" time="0.354" /><testcase classname="backend.tests.test_new_features_v3.TestSetCashBalance" name="test_set_cash_balance_zero" time="0.389" /><testcase classname="backend.tests.test_new_features_v3.TestSetCashBalance" name="test_get_cash_drawer_after_set_balance" time="0.496" /><testcase classname="backend.tests.test_new_features_v3.TestDailyChartStoreFilter" name="test_daily_chart_all_stores" time="0.326" /><testcase classname="backend.tests.test_new_features_v3.TestDailyChartStoreFilter" name="test_daily_chart_runner_filter" time="0.330" /><testcase classname="backend.tests.test_new_features_v3.TestDailyChartStoreFilter" name="test_daily_chart_gym_londres_filter" time="0.335" /><testcase classname="backend.tests.test_new_features_v3.TestDailyChartStoreFilter" name="test_daily_chart_with_date_and_store" time="0.344" /><testcase classname="backend.tests.test_new_features_v3.TestDailyChartStoreFilter" name="test_daily_chart_response_structure" time="0.360" /><testcase classname="backend.tests.test_new_features_v3.TestPrazoDebtsStoreFilter" name="test_prazo_debts_all_stores" time="0.326" /><testcase classname="backend.tests.test_new_features_v3.TestPrazoDebtsStoreFilter" name="test_prazo_debts_runner_filter" time="0.378" /><testcase classname="backend.tests.test_new_features_v3.TestPrazoDebtsStoreFilter" name="test_prazo_debts_gym_londres_filter" time="0.419" /></testsuite></testsuites>