<?xml version="1.0" encoding="utf-8"?><testsuites name="pytest tests"><testsuite name="pytest" errors="0" failures="0" skipped="0" tests="8" time="2.218" timestamp="2026-03-23T04:15:15.309811+00:00" hostname="agent-env-d64a0334-f211-4288-b5c0-4fb5c4791d00"><testcase classname="backend.tests.test_kitchen_menu.TestKitchenMenuAPI" name="test_get_menu_runner_store" time="0.216" /><testcase classname="backend.tests.test_kitchen_menu.TestKitchenMenuAPI" name="test_get_menu_gym_londres_store" time="0.113" /><testcase classname="backend.tests.test_kitchen_menu.TestKitchenMenuAPI" name="test_create_menu_item_runner" time="0.437" /><testcase classname="backend.tests.test_kitchen_menu.TestKitchenMenuAPI" name="test_create_menu_item_gym_londres" time="0.487" /><testcase classname="backend.tests.test_kitchen_menu.TestKitchenMenuAPI" name="test_delete_menu_item" time="0.376" /><testcase classname="backend.tests.test_kitchen_menu.TestKitchenMenuAPI" name="test_store_separation" time="0.232" /><testcase classname="backend.tests.test_kitchen_menu.TestKitchenMenuValidation" name="test_create_item_missing_name" time="0.157" /><testcase classname="backend.tests.test_kitchen_menu.TestKitchenMenuValidation" name="test_create_item_missing_price" time="0.112" /></testsuite></testsuites>