<?xml version="1.0" encoding="utf-8"?><testsuites name="pytest tests"><testsuite name="pytest" errors="0" failures="0" skipped="0" tests="12" time="1.414" timestamp="2026-03-12T11:17:37.296775+00:00" hostname="agent-env-c0125f65-a1ae-4100-8f10-12d00315eda9"><testcase classname="backend.tests.test_whatsapp_features.TestWhatsAppEndpoints" name="test_whatsapp_status_endpoint" time="0.180" /><testcase classname="backend.tests.test_whatsapp_features.TestWhatsAppEndpoints" name="test_whatsapp_qr_endpoint" time="0.135" /><testcase classname="backend.tests.test_whatsapp_features.TestGestorDashboard" name="test_gestor_login_success" time="0.121" /><testcase classname="backend.tests.test_whatsapp_features.TestGestorDashboard" name="test_gestor_login_failure" time="0.099" /><testcase classname="backend.tests.test_whatsapp_features.TestGestorDashboard" name="test_gestor_dashboard_statistics" time="0.126" /><testcase classname="backend.tests.test_whatsapp_features.TestPIXPaymentFlow" name="test_pix_config_endpoint" time="0.111" /><testcase classname="backend.tests.test_whatsapp_features.TestPIXPaymentFlow" name="test_create_pix_order" time="0.109" /><testcase classname="backend.tests.test_whatsapp_features.TestPIXPaymentFlow" name="test_get_pending_pix_orders" time="0.155" /><testcase classname="backend.tests.test_whatsapp_features.TestMenuAndOrders" name="test_get_menu_runner" time="0.110" /><testcase classname="backend.tests.test_whatsapp_features.TestMenuAndOrders" name="test_get_menu_gym_londres" time="0.106" /><testcase classname="backend.tests.test_whatsapp_features.TestMenuAndOrders" name="test_get_stores" time="0.097" /><testcase classname="backend.tests.test_whatsapp_features.TestWhatsAppBotInternal" name="test_bot_status_internal" time="0.002" /></testsuite></testsuites>