<?xml version="1.0" encoding="utf-8"?><testsuites name="pytest tests"><testsuite name="pytest" errors="0" failures="0" skipped="0" tests="12" time="2.864" timestamp="2026-03-23T10:37:29.750720+00:00" hostname="agent-env-d64a0334-f211-4288-b5c0-4fb5c4791d00"><testcase classname="backend.tests.test_cash_drawer_prazo.TestCashDrawerEndpoints" name="test_get_cash_drawer_runner" time="0.221" /><testcase classname="backend.tests.test_cash_drawer_prazo.TestCashDrawerEndpoints" name="test_get_cash_drawer_gym_londres" time="0.107" /><testcase classname="backend.tests.test_cash_drawer_prazo.TestCashDrawerEndpoints" name="test_cash_drawer_balance_calculation" time="0.098" /><testcase classname="backend.tests.test_cash_drawer_prazo.TestCashWithdrawal" name="test_withdraw_vt_creates_expense" time="0.542" /><testcase classname="backend.tests.test_cash_drawer_prazo.TestCashWithdrawal" name="test_withdraw_outros_no_expense" time="0.503" /><testcase classname="backend.tests.test_cash_drawer_prazo.TestPrazoCustomerManagement" name="test_create_prazo_customer" time="0.187" /><testcase classname="backend.tests.test_cash_drawer_prazo.TestPrazoCustomerManagement" name="test_delete_prazo_customer" time="0.305" /><testcase classname="backend.tests.test_cash_drawer_prazo.TestPrazoCustomerManagement" name="test_add_credit_to_prazo_customer" time="0.397" /><testcase classname="backend.tests.test_cash_drawer_prazo.TestPrazoCustomerManagement" name="test_get_prazo_customers_list" time="0.096" /><testcase classname="backend.tests.test_cash_drawer_prazo.TestWhatsAppGroupSelection" name="test_whatsapp_groups_configured" time="0.115" /><testcase classname="backend.tests.test_cash_drawer_prazo.TestKitchenEndpoints" name="test_kitchen_stats" time="0.097" /><testcase classname="backend.tests.test_cash_drawer_prazo.TestKitchenEndpoints" name="test_prazo_debts_endpoint" time="0.126" /></testsuite></testsuites>