<?xml version="1.0" encoding="utf-8"?><testsuites name="pytest tests"><testsuite name="pytest" errors="0" failures="0" skipped="0" tests="8" time="1.302" timestamp="2026-03-23T04:24:12.837432+00:00" hostname="agent-env-d64a0334-f211-4288-b5c0-4fb5c4791d00"><testcase classname="backend.tests.test_voucher_payment.TestVoucherPaymentMethod" name="test_cash_today_returns_voucher_in_by_payment_method" time="0.229" /><testcase classname="backend.tests.test_voucher_payment.TestVoucherPaymentMethod" name="test_cash_today_returns_voucher_in_morning_shift" time="0.118" /><testcase classname="backend.tests.test_voucher_payment.TestVoucherPaymentMethod" name="test_cash_today_returns_voucher_in_afternoon_shift" time="0.130" /><testcase classname="backend.tests.test_voucher_payment.TestVoucherPaymentMethod" name="test_gestor_dashboard_returns_voucher_in_today_by_payment_method" time="0.135" /><testcase classname="backend.tests.test_voucher_payment.TestVoucherPaymentMethod" name="test_gestor_dashboard_returns_prazo_in_today_by_payment_method" time="0.155" /><testcase classname="backend.tests.test_voucher_payment.TestVoucherPaymentMethod" name="test_create_order_with_voucher_payment" time="0.233" /><testcase classname="backend.tests.test_voucher_payment.TestVoucherPaymentMethod" name="test_all_six_payment_methods_in_cash_endpoint" time="0.117" /><testcase classname="backend.tests.test_voucher_payment.TestVoucherPaymentMethod" name="test_all_six_payment_methods_in_dashboard_endpoint" time="0.112" /></testsuite></testsuites>