<?xml version="1.0" encoding="utf-8"?><testsuites name="pytest tests"><testsuite name="pytest" errors="0" failures="0" skipped="0" tests="19" time="4.299" timestamp="2026-03-12T01:28:45.430985+00:00" hostname="agent-env-37ace7f7-1815-4ba8-8fa0-411411b8fa8d"><testcase classname="backend.tests.test_new_features.TestPrazoPaymentForAllStores" name="test_create_prazo_order_runner" time="0.226" /><testcase classname="backend.tests.test_new_features.TestPrazoPaymentForAllStores" name="test_create_prazo_order_gym_londres" time="0.156" /><testcase classname="backend.tests.test_new_features.TestPrazoPaymentForAllStores" name="test_prazo_debts_endpoint" time="0.144" /><testcase classname="backend.tests.test_new_features.TestExpensesManagement" name="test_get_expenses_requires_auth" time="0.115" /><testcase classname="backend.tests.test_new_features.TestExpensesManagement" name="test_get_expenses_with_auth" time="0.136" /><testcase classname="backend.tests.test_new_features.TestExpensesManagement" name="test_create_expense" time="0.130" /><testcase classname="backend.tests.test_new_features.TestExpensesManagement" name="test_create_expense_different_categories" time="0.594" /><testcase classname="backend.tests.test_new_features.TestExpensesManagement" name="test_get_monthly_expenses" time="0.151" /><testcase classname="backend.tests.test_new_features.TestExpensesManagement" name="test_delete_expense" time="0.437" /><testcase classname="backend.tests.test_new_features.TestWhatsAppLinkGeneration" name="test_whatsapp_link_requires_customer" time="0.107" /><testcase classname="backend.tests.test_new_features.TestWhatsAppLinkGeneration" name="test_create_prazo_customer_and_get_whatsapp_link" time="0.479" /><testcase classname="backend.tests.test_new_features.TestChartWithExpenses" name="test_monthly_chart_with_expenses" time="0.117" /><testcase classname="backend.tests.test_new_features.TestChartWithExpenses" name="test_chart_profit_calculation" time="0.101" /><testcase classname="backend.tests.test_new_features.TestGestorDashboardTabs" name="test_gestor_dashboard_access" time="0.138" /><testcase classname="backend.tests.test_new_features.TestGestorDashboardTabs" name="test_all_required_endpoints_exist" time="0.613" /><testcase classname="backend.tests.test_new_features.TestExpenseImageAnalysis" name="test_analyze_image_requires_auth" time="0.107" /><testcase classname="backend.tests.test_new_features.TestExpenseImageAnalysis" name="test_analyze_image_endpoint_exists" time="0.116" /><testcase classname="backend.tests.test_new_features.TestPrazoCustomers" name="test_get_prazo_customers" time="0.128" /><testcase classname="backend.tests.test_new_features.TestPrazoCustomers" name="test_create_prazo_customer" time="0.189" /></testsuite></testsuites>