<?xml version="1.0" encoding="utf-8"?><testsuites name="pytest tests"><testsuite name="pytest" errors="0" failures="0" skipped="0" tests="12" time="5.552" timestamp="2026-04-01T09:55:49.056870+00:00" hostname="agent-env-3c9af3b2-5e04-43fe-bbdb-d2b16bc1aa72"><testcase classname="backend.tests.test_abater_prazo.TestAbaterPrazoEndpoint" name="test_abater_partial_payment_success" time="0.756" /><testcase classname="backend.tests.test_abater_prazo.TestAbaterPrazoEndpoint" name="test_abater_updates_debt_correctly" time="0.608" /><testcase classname="backend.tests.test_abater_prazo.TestAbaterPrazoEndpoint" name="test_abater_pays_off_order_completely" time="0.499" /><testcase classname="backend.tests.test_abater_prazo.TestAbaterPrazoEndpoint" name="test_abater_wrong_password" time="0.498" /><testcase classname="backend.tests.test_abater_prazo.TestAbaterPrazoEndpoint" name="test_abater_amount_greater_than_debt" time="0.507" /><testcase classname="backend.tests.test_abater_prazo.TestAbaterPrazoEndpoint" name="test_abater_zero_amount" time="0.515" /><testcase classname="backend.tests.test_abater_prazo.TestAbaterPrazoEndpoint" name="test_abater_negative_amount" time="0.489" /><testcase classname="backend.tests.test_abater_prazo.TestAbaterPrazoEndpoint" name="test_abater_nonexistent_customer" time="0.584" /><testcase classname="backend.tests.test_abater_prazo.TestPrazoDebtsWithPartialPayments" name="test_debts_shows_remaining_after_partial_payment" time="0.387" /><testcase classname="backend.tests.test_abater_prazo.TestPrazoDebtsWithPartialPayments" name="test_debts_excludes_fully_paid_orders" time="0.444" /><testcase classname="backend.tests.test_abater_prazo.TestExistingTestCustomers" name="test_existing_test_runner_prazo_customer" time="0.099" /><testcase classname="backend.tests.test_abater_prazo.TestExistingTestCustomers" name="test_existing_test_prazo_chart_customer" time="0.099" /></testsuite></testsuites>