<?xml version="1.0" encoding="utf-8"?><testsuites name="pytest tests"><testsuite name="pytest" errors="0" failures="1" skipped="0" tests="15" time="3.924" timestamp="2026-03-13T17:05:13.095153+00:00" hostname="agent-env-fbab7ee8-6d82-4712-9fee-c7bbb99d15f0"><testcase classname="backend.tests.test_new_features_v2.TestLowStockSystem" name="test_get_low_stock_list" time="0.183" /><testcase classname="backend.tests.test_new_features_v2.TestLowStockSystem" name="test_trigger_low_stock_check" time="0.141" /><testcase classname="backend.tests.test_new_features_v2.TestLowStockSystem" name="test_send_low_stock_report" time="0.381" /><testcase classname="backend.tests.test_new_features_v2.TestDeleteOrderPermanently" name="test_create_and_delete_order" time="0.540" /><testcase classname="backend.tests.test_new_features_v2.TestDeleteOrderPermanently" name="test_delete_nonexistent_order" time="0.237" /><testcase classname="backend.tests.test_new_features_v2.TestAdicionaisCRUD" name="test_get_adicionais" time="0.127" /><testcase classname="backend.tests.test_new_features_v2.TestAdicionaisCRUD" name="test_create_adicional" time="0.165" /><testcase classname="backend.tests.test_new_features_v2.TestAdicionaisCRUD" name="test_create_update_delete_adicional" time="0.674" /><testcase classname="backend.tests.test_new_features_v2.TestMilkOptionsInMenu" name="test_menu_includes_milk_options" time="0.133" /><testcase classname="backend.tests.test_new_features_v2.TestMilkOptionsInMenu" name="test_milk_options_are_free" time="0.117" /><testcase classname="backend.tests.test_new_features_v2.TestMilkOptionsInMenu" name="test_menu_includes_adicionais" time="0.166" /><testcase classname="backend.tests.test_new_features_v2.TestGestorDashboard" name="test_gestor_dashboard_loads" time="0.133"><failure message="AssertionError: Dashboard should have 'today_total' field&#10;assert 'today_total' in {'combined': {'month_orders': 8, 'month_total': 122.5, 'today_orders': 0, 'today_total': 0}, 'stores': {'gym-londres': {'low_products': [{'count': 1, 'name': 'Gatorade', 'revenue': 9.0}, {'count': 1, 'name': 'Salgado', 'revenue': 9.0}, {'count': 1, 'name': 'Frango, Mussarela, Tomate e Orégano', 'revenue': 26.0}, {'count': 1, 'name': 'bolo', 'revenue': 12.0}, {'count': 1, 'name': 'bananinha', 'revenue': 3.5}], 'low_stock_alerts': 2, 'month': {'order_count': 7, 'total': 107.5}, 'name': 'GANOH Café Bistrô - GYM Londres', ...}, 'runner': {'low_products': [{'count': 3, 'name': 'Café Expresso', 'revenue': 15.0}], 'low_stock_alerts': 2, 'month': {'order_count': 1, 'total': 15.0}, 'name': 'GANOH Café Bistrô - Runner', ...}}}">backend/tests/test_new_features_v2.py:259: in test_gestor_dashboard_loads
    assert field in data, f"Dashboard should have '{field}' field"
E   AssertionError: Dashboard should have 'today_total' field
E   assert 'today_total' in {'combined': {'month_orders': 8, 'month_total': 122.5, 'today_orders': 0, 'today_total': 0}, 'stores': {'gym-londres': {'low_products': [{'count': 1, 'name': 'Gatorade', 'revenue': 9.0}, {'count': 1, 'name': 'Salgado', 'revenue': 9.0}, {'count': 1, 'name': 'Frango, Mussarela, Tomate e Orégano', 'revenue': 26.0}, {'count': 1, 'name': 'bolo', 'revenue': 12.0}, {'count': 1, 'name': 'bananinha', 'revenue': 3.5}], 'low_stock_alerts': 2, 'month': {'order_count': 7, 'total': 107.5}, 'name': 'GANOH Café Bistrô - GYM Londres', ...}, 'runner': {'low_products': [{'count': 3, 'name': 'Café Expresso', 'revenue': 15.0}], 'low_stock_alerts': 2, 'month': {'order_count': 1, 'total': 15.0}, 'name': 'GANOH Café Bistrô - Runner', ...}}}</failure></testcase><testcase classname="backend.tests.test_new_features_v2.TestGestorDashboard" name="test_gestor_chart_monthly" time="0.119" /><testcase classname="backend.tests.test_new_features_v2.TestGestorDashboard" name="test_gestor_chart_daily" time="0.116" /><testcase classname="backend.tests.test_new_features_v2.TestKitchenDeleteOrder" name="test_kitchen_can_delete_order" time="0.591" /></testsuite></testsuites>