<?xml version="1.0" encoding="utf-8"?><testsuites name="pytest tests"><testsuite name="pytest" errors="0" failures="0" skipped="0" tests="10" time="2.336" timestamp="2026-03-23T10:52:03.869553+00:00" hostname="agent-env-d64a0334-f211-4288-b5c0-4fb5c4791d00"><testcase classname="backend.tests.test_initial_balance.TestInitialCashBalance" name="test_set_initial_balance_runner" time="0.213" /><testcase classname="backend.tests.test_initial_balance.TestInitialCashBalance" name="test_set_initial_balance_gym_londres" time="0.111" /><testcase classname="backend.tests.test_initial_balance.TestInitialCashBalance" name="test_get_drawer_returns_all_fields_runner" time="0.135" /><testcase classname="backend.tests.test_initial_balance.TestInitialCashBalance" name="test_get_drawer_returns_all_fields_gym_londres" time="0.103" /><testcase classname="backend.tests.test_initial_balance.TestInitialCashBalance" name="test_balance_calculation_formula" time="0.158" /><testcase classname="backend.tests.test_initial_balance.TestInitialCashBalance" name="test_initial_balance_persists_after_update" time="0.460" /><testcase classname="backend.tests.test_initial_balance.TestInitialCashBalance" name="test_initial_balance_does_not_count_as_sale" time="0.464" /><testcase classname="backend.tests.test_initial_balance.TestInitialCashBalance" name="test_set_balance_with_zero" time="0.237" /><testcase classname="backend.tests.test_initial_balance.TestInitialCashBalance" name="test_today_data_separate_from_historical" time="0.099" /><testcase classname="backend.tests.test_initial_balance.TestCashDrawerIntegration" name="test_withdrawal_affects_balance" time="0.294" /></testsuite></testsuites>