<?xml version="1.0" encoding="utf-8"?><testsuites name="pytest tests"><testsuite name="pytest" errors="0" failures="0" skipped="0" tests="18" time="11.716" timestamp="2026-03-23T03:27:51.968706+00:00" hostname="agent-env-d64a0334-f211-4288-b5c0-4fb5c4791d00"><testcase classname="backend.tests.test_prazo_store_separation.TestPrazoDebtsStoreSeparation" name="test_prazo_debts_runner_only" time="0.281" /><testcase classname="backend.tests.test_prazo_store_separation.TestPrazoDebtsStoreSeparation" name="test_prazo_debts_gym_londres_only" time="0.132" /><testcase classname="backend.tests.test_prazo_store_separation.TestPrazoDebtsStoreSeparation" name="test_prazo_debts_all_stores" time="0.151" /><testcase classname="backend.tests.test_prazo_store_separation.TestPrazoDebtsStoreSeparation" name="test_store_separation_totals_match" time="0.416" /><testcase classname="backend.tests.test_prazo_store_separation.TestPrazoChargeCustomer" name="test_charge_customer_no_debts" time="0.246" /><testcase classname="backend.tests.test_prazo_store_separation.TestPrazoChargeCustomer" name="test_charge_customer_endpoint_exists" time="0.766" /><testcase classname="backend.tests.test_prazo_store_separation.TestPrazoChargeAllWhatsApp" name="test_charge_all_runner_store" time="0.528" /><testcase classname="backend.tests.test_prazo_store_separation.TestPrazoChargeAllWhatsApp" name="test_charge_all_gym_londres_store" time="0.577" /><testcase classname="backend.tests.test_prazo_store_separation.TestPIXVerificationFlow" name="test_pix_order_starts_pending" time="0.145" /><testcase classname="backend.tests.test_prazo_store_separation.TestPIXVerificationFlow" name="test_auto_verify_pix_endpoint_exists" time="0.246" /><testcase classname="backend.tests.test_prazo_store_separation.TestPIXVerificationFlow" name="test_pix_proof_upload_endpoint" time="0.259" /><testcase classname="backend.tests.test_prazo_store_separation.TestWhatsAppGroupConfiguration" name="test_whatsapp_status_endpoint" time="6.558" /><testcase classname="backend.tests.test_prazo_store_separation.TestWhatsAppGroupConfiguration" name="test_stores_endpoint" time="0.160" /><testcase classname="backend.tests.test_prazo_store_separation.TestKitchenPagePrazoIntegration" name="test_kitchen_stats_endpoint" time="0.270" /><testcase classname="backend.tests.test_prazo_store_separation.TestKitchenPagePrazoIntegration" name="test_prazo_customers_endpoint" time="0.123" /><testcase classname="backend.tests.test_prazo_store_separation.TestCreatePrazoOrdersForTesting" name="test_create_runner_prazo_order" time="0.137" /><testcase classname="backend.tests.test_prazo_store_separation.TestCreatePrazoOrdersForTesting" name="test_create_gym_prazo_order" time="0.134" /><testcase classname="backend.tests.test_prazo_store_separation.TestCreatePrazoOrdersForTesting" name="test_verify_store_separation_after_creation" time="0.483" /></testsuite></testsuites>